<?xml version="1.0" encoding="UTF-8"?>
<!-- Generated by org.testng.reporters.JUnitReportReporter -->
<testsuite skipped="0" hostname="TJ" name="testCases.CreateNewAccount" tests="1" failures="0" timestamp="2021-03-07T18:12:53 IST" time="11.362" errors="0">
  <testcase name="testCase2" time="11.362" classname="testCases.CreateNewAccount"/>
  <system-out/>
</testsuite> <!-- testCases.CreateNewAccount -->
