<?xml version="1.0" encoding="UTF-8"?>
<!-- Generated by org.testng.reporters.JUnitReportReporter -->
<testsuite skipped="0" hostname="TJ" name="testCases.FaceBookProductShare" tests="1" failures="0" timestamp="2021-03-07T19:04:49 IST" time="13.253" errors="0">
  <testcase name="testCase1" time="13.253" classname="testCases.FaceBookProductShare"/>
  <system-out/>
</testsuite> <!-- testCases.FaceBookProductShare -->
