<?xml version="1.0" encoding="UTF-8"?>
<!-- Generated by org.testng.reporters.JUnitReportReporter -->
<testsuite skipped="0" hostname="TJ" name="testCases.LoginWithValidUser" tests="1" failures="0" timestamp="2021-03-06T20:03:03 IST" time="4.761" errors="0">
  <testcase name="testCase1" time="4.761" classname="testCases.LoginWithValidUser"/>
  <system-out/>
</testsuite> <!-- testCases.LoginWithValidUser -->
